C:\USERS\MJOLLY\DOCUMENTS\VISUAL STUDIO 2010\PROJECTS\BACKUP_WIN\BACKUP_WIN\DEBUG\BACKUP_WIN.EXE.EMBED.MANIFEST
C:\USERS\MJOLLY\DOCUMENTS\VISUAL STUDIO 2010\PROJECTS\BACKUP_WIN\BACKUP_WIN\DEBUG\BACKUP_WIN.EXE.EMBED.MANIFEST.RES
C:\USERS\MJOLLY\DOCUMENTS\VISUAL STUDIO 2010\PROJECTS\BACKUP_WIN\BACKUP_WIN\DEBUG\BACKUP_WIN.EXE.INTERMEDIATE.MANIFEST
C:\Users\mjolly\Documents\Visual Studio 2010\Projects\BackUp_WIn\BackUp_WIn\Debug\BackUp_WIn.vcxprojResolveAssemblyReference.cache
C:\Users\mjolly\Documents\Visual Studio 2010\Projects\BackUp_WIn\BackUp_WIn\Debug\BackUp_WIn.write.1.tlog
C:\Users\mjolly\Documents\Visual Studio 2010\Projects\BackUp_WIn\BackUp_WIn\Debug\BackUp_WIn_manifest.rc
C:\Users\mjolly\Documents\Visual Studio 2010\Projects\BackUp_WIn\BackUp_WIn\Debug\cl.command.1.tlog
C:\Users\mjolly\Documents\Visual Studio 2010\Projects\BackUp_WIn\BackUp_WIn\Debug\CL.read.1.tlog
C:\Users\mjolly\Documents\Visual Studio 2010\Projects\BackUp_WIn\BackUp_WIn\Debug\CL.write.1.tlog
C:\USERS\MJOLLY\DOCUMENTS\VISUAL STUDIO 2010\PROJECTS\BACKUP_WIN\BACKUP_WIN\DEBUG\FOLDER.RES
C:\Users\mjolly\Documents\Visual Studio 2010\Projects\BackUp_WIn\BackUp_WIn\Debug\link.10100.read.1.tlog
C:\Users\mjolly\Documents\Visual Studio 2010\Projects\BackUp_WIn\BackUp_WIn\Debug\link.10100.write.1.tlog
C:\Users\mjolly\Documents\Visual Studio 2010\Projects\BackUp_WIn\BackUp_WIn\Debug\link.10100-cvtres.read.1.tlog
C:\Users\mjolly\Documents\Visual Studio 2010\Projects\BackUp_WIn\BackUp_WIn\Debug\link.10100-cvtres.write.1.tlog
C:\Users\mjolly\Documents\Visual Studio 2010\Projects\BackUp_WIn\BackUp_WIn\Debug\link.10584.read.1.tlog
C:\Users\mjolly\Documents\Visual Studio 2010\Projects\BackUp_WIn\BackUp_WIn\Debug\link.10584.write.1.tlog
C:\Users\mjolly\Documents\Visual Studio 2010\Projects\BackUp_WIn\BackUp_WIn\Debug\link.10584-cvtres.read.1.tlog
C:\Users\mjolly\Documents\Visual Studio 2010\Projects\BackUp_WIn\BackUp_WIn\Debug\link.10584-cvtres.write.1.tlog
C:\Users\mjolly\Documents\Visual Studio 2010\Projects\BackUp_WIn\BackUp_WIn\Debug\link.10768.read.1.tlog
C:\Users\mjolly\Documents\Visual Studio 2010\Projects\BackUp_WIn\BackUp_WIn\Debug\link.10768.write.1.tlog
C:\Users\mjolly\Documents\Visual Studio 2010\Projects\BackUp_WIn\BackUp_WIn\Debug\link.10768-cvtres.read.1.tlog
C:\Users\mjolly\Documents\Visual Studio 2010\Projects\BackUp_WIn\BackUp_WIn\Debug\link.10768-cvtres.write.1.tlog
C:\Users\mjolly\Documents\Visual Studio 2010\Projects\BackUp_WIn\BackUp_WIn\Debug\link.10912.read.1.tlog
C:\Users\mjolly\Documents\Visual Studio 2010\Projects\BackUp_WIn\BackUp_WIn\Debug\link.10912.write.1.tlog
C:\Users\mjolly\Documents\Visual Studio 2010\Projects\BackUp_WIn\BackUp_WIn\Debug\link.10912-cvtres.read.1.tlog
C:\Users\mjolly\Documents\Visual Studio 2010\Projects\BackUp_WIn\BackUp_WIn\Debug\link.10912-cvtres.write.1.tlog
C:\Users\mjolly\Documents\Visual Studio 2010\Projects\BackUp_WIn\BackUp_WIn\Debug\link.10988.read.1.tlog
C:\Users\mjolly\Documents\Visual Studio 2010\Projects\BackUp_WIn\BackUp_WIn\Debug\link.10988.write.1.tlog
C:\Users\mjolly\Documents\Visual Studio 2010\Projects\BackUp_WIn\BackUp_WIn\Debug\link.10988-cvtres.read.1.tlog
C:\Users\mjolly\Documents\Visual Studio 2010\Projects\BackUp_WIn\BackUp_WIn\Debug\link.10988-cvtres.write.1.tlog
C:\Users\mjolly\Documents\Visual Studio 2010\Projects\BackUp_WIn\BackUp_WIn\Debug\link.11512.read.1.tlog
C:\Users\mjolly\Documents\Visual Studio 2010\Projects\BackUp_WIn\BackUp_WIn\Debug\link.11512.write.1.tlog
C:\Users\mjolly\Documents\Visual Studio 2010\Projects\BackUp_WIn\BackUp_WIn\Debug\link.11512-cvtres.read.1.tlog
C:\Users\mjolly\Documents\Visual Studio 2010\Projects\BackUp_WIn\BackUp_WIn\Debug\link.11512-cvtres.write.1.tlog
C:\Users\mjolly\Documents\Visual Studio 2010\Projects\BackUp_WIn\BackUp_WIn\Debug\link.11808.read.1.tlog
C:\Users\mjolly\Documents\Visual Studio 2010\Projects\BackUp_WIn\BackUp_WIn\Debug\link.11808.write.1.tlog
C:\Users\mjolly\Documents\Visual Studio 2010\Projects\BackUp_WIn\BackUp_WIn\Debug\link.11808-cvtres.read.1.tlog
C:\Users\mjolly\Documents\Visual Studio 2010\Projects\BackUp_WIn\BackUp_WIn\Debug\link.11808-cvtres.write.1.tlog
C:\Users\mjolly\Documents\Visual Studio 2010\Projects\BackUp_WIn\BackUp_WIn\Debug\link.13112.read.1.tlog
C:\Users\mjolly\Documents\Visual Studio 2010\Projects\BackUp_WIn\BackUp_WIn\Debug\link.13112.write.1.tlog
C:\Users\mjolly\Documents\Visual Studio 2010\Projects\BackUp_WIn\BackUp_WIn\Debug\link.13112-cvtres.read.1.tlog
C:\Users\mjolly\Documents\Visual Studio 2010\Projects\BackUp_WIn\BackUp_WIn\Debug\link.13112-cvtres.write.1.tlog
C:\Users\mjolly\Documents\Visual Studio 2010\Projects\BackUp_WIn\BackUp_WIn\Debug\link.14300.read.1.tlog
C:\Users\mjolly\Documents\Visual Studio 2010\Projects\BackUp_WIn\BackUp_WIn\Debug\link.14300.write.1.tlog
C:\Users\mjolly\Documents\Visual Studio 2010\Projects\BackUp_WIn\BackUp_WIn\Debug\link.14300-cvtres.read.1.tlog
C:\Users\mjolly\Documents\Visual Studio 2010\Projects\BackUp_WIn\BackUp_WIn\Debug\link.14300-cvtres.write.1.tlog
C:\Users\mjolly\Documents\Visual Studio 2010\Projects\BackUp_WIn\BackUp_WIn\Debug\link.15320.read.1.tlog
C:\Users\mjolly\Documents\Visual Studio 2010\Projects\BackUp_WIn\BackUp_WIn\Debug\link.15320.write.1.tlog
C:\Users\mjolly\Documents\Visual Studio 2010\Projects\BackUp_WIn\BackUp_WIn\Debug\link.15320-cvtres.read.1.tlog
C:\Users\mjolly\Documents\Visual Studio 2010\Projects\BackUp_WIn\BackUp_WIn\Debug\link.15320-cvtres.write.1.tlog
C:\Users\mjolly\Documents\Visual Studio 2010\Projects\BackUp_WIn\BackUp_WIn\Debug\link.16044.read.1.tlog
C:\Users\mjolly\Documents\Visual Studio 2010\Projects\BackUp_WIn\BackUp_WIn\Debug\link.16044.write.1.tlog
C:\Users\mjolly\Documents\Visual Studio 2010\Projects\BackUp_WIn\BackUp_WIn\Debug\link.16044-cvtres.read.1.tlog
C:\Users\mjolly\Documents\Visual Studio 2010\Projects\BackUp_WIn\BackUp_WIn\Debug\link.16044-cvtres.write.1.tlog
C:\Users\mjolly\Documents\Visual Studio 2010\Projects\BackUp_WIn\BackUp_WIn\Debug\link.2928.read.1.tlog
C:\Users\mjolly\Documents\Visual Studio 2010\Projects\BackUp_WIn\BackUp_WIn\Debug\link.2928.write.1.tlog
C:\Users\mjolly\Documents\Visual Studio 2010\Projects\BackUp_WIn\BackUp_WIn\Debug\link.2928-cvtres.read.1.tlog
C:\Users\mjolly\Documents\Visual Studio 2010\Projects\BackUp_WIn\BackUp_WIn\Debug\link.2928-cvtres.write.1.tlog
C:\Users\mjolly\Documents\Visual Studio 2010\Projects\BackUp_WIn\BackUp_WIn\Debug\link.7576.read.1.tlog
C:\Users\mjolly\Documents\Visual Studio 2010\Projects\BackUp_WIn\BackUp_WIn\Debug\link.7576.write.1.tlog
C:\Users\mjolly\Documents\Visual Studio 2010\Projects\BackUp_WIn\BackUp_WIn\Debug\link.7576-cvtres.read.1.tlog
C:\Users\mjolly\Documents\Visual Studio 2010\Projects\BackUp_WIn\BackUp_WIn\Debug\link.7576-cvtres.write.1.tlog
C:\Users\mjolly\Documents\Visual Studio 2010\Projects\BackUp_WIn\BackUp_WIn\Debug\link.7852.read.1.tlog
C:\Users\mjolly\Documents\Visual Studio 2010\Projects\BackUp_WIn\BackUp_WIn\Debug\link.7852.write.1.tlog
C:\Users\mjolly\Documents\Visual Studio 2010\Projects\BackUp_WIn\BackUp_WIn\Debug\link.7852-cvtres.read.1.tlog
C:\Users\mjolly\Documents\Visual Studio 2010\Projects\BackUp_WIn\BackUp_WIn\Debug\link.7852-cvtres.write.1.tlog
C:\Users\mjolly\Documents\Visual Studio 2010\Projects\BackUp_WIn\BackUp_WIn\Debug\link.8804.read.1.tlog
C:\Users\mjolly\Documents\Visual Studio 2010\Projects\BackUp_WIn\BackUp_WIn\Debug\link.8804.write.1.tlog
C:\Users\mjolly\Documents\Visual Studio 2010\Projects\BackUp_WIn\BackUp_WIn\Debug\link.8804-cvtres.read.1.tlog
C:\Users\mjolly\Documents\Visual Studio 2010\Projects\BackUp_WIn\BackUp_WIn\Debug\link.8804-cvtres.write.1.tlog
C:\Users\mjolly\Documents\Visual Studio 2010\Projects\BackUp_WIn\BackUp_WIn\Debug\link.9608.read.1.tlog
C:\Users\mjolly\Documents\Visual Studio 2010\Projects\BackUp_WIn\BackUp_WIn\Debug\link.9608.write.1.tlog
C:\Users\mjolly\Documents\Visual Studio 2010\Projects\BackUp_WIn\BackUp_WIn\Debug\link.9608-cvtres.read.1.tlog
C:\Users\mjolly\Documents\Visual Studio 2010\Projects\BackUp_WIn\BackUp_WIn\Debug\link.9608-cvtres.write.1.tlog
C:\Users\mjolly\Documents\Visual Studio 2010\Projects\BackUp_WIn\BackUp_WIn\Debug\link.command.1.tlog
C:\Users\mjolly\Documents\Visual Studio 2010\Projects\BackUp_WIn\BackUp_WIn\Debug\link.read.1.tlog
C:\Users\mjolly\Documents\Visual Studio 2010\Projects\BackUp_WIn\BackUp_WIn\Debug\link.write.1.tlog
C:\Users\mjolly\Documents\Visual Studio 2010\Projects\BackUp_WIn\BackUp_WIn\Debug\link-cvtres.read.1.tlog
C:\Users\mjolly\Documents\Visual Studio 2010\Projects\BackUp_WIn\BackUp_WIn\Debug\link-cvtres.write.1.tlog
C:\USERS\MJOLLY\DOCUMENTS\VISUAL STUDIO 2010\PROJECTS\BACKUP_WIN\BACKUP_WIN\DEBUG\MAIN.OBJ
C:\Users\mjolly\Documents\Visual Studio 2010\Projects\BackUp_WIn\BackUp_WIn\Debug\mt.command.1.tlog
C:\Users\mjolly\Documents\Visual Studio 2010\Projects\BackUp_WIn\BackUp_WIn\Debug\mt.read.1.tlog
C:\Users\mjolly\Documents\Visual Studio 2010\Projects\BackUp_WIn\BackUp_WIn\Debug\mt.write.1.tlog
C:\Users\mjolly\Documents\Visual Studio 2010\Projects\BackUp_WIn\BackUp_WIn\Debug\rc.command.1.tlog
C:\Users\mjolly\Documents\Visual Studio 2010\Projects\BackUp_WIn\BackUp_WIn\Debug\rc.read.1.tlog
C:\Users\mjolly\Documents\Visual Studio 2010\Projects\BackUp_WIn\BackUp_WIn\Debug\rc.write.1.tlog
C:\Users\mjolly\Documents\Visual Studio 2010\Projects\BackUp_WIn\BackUp_WIn\Debug\vc100.idb
C:\USERS\MJOLLY\DOCUMENTS\VISUAL STUDIO 2010\PROJECTS\BACKUP_WIN\BACKUP_WIN\DEBUG\VC100.PDB
C:\USERS\MJOLLY\DOCUMENTS\VISUAL STUDIO 2010\PROJECTS\BACKUP_WIN\DEBUG\BACKUP_WIN.EXE
C:\USERS\MJOLLY\DOCUMENTS\VISUAL STUDIO 2010\PROJECTS\BACKUP_WIN\DEBUG\BACKUP_WIN.ILK
C:\USERS\MJOLLY\DOCUMENTS\VISUAL STUDIO 2010\PROJECTS\BACKUP_WIN\DEBUG\BACKUP_WIN.PDB
